=== Path-B sweep (K=16) τ=100000 ===
  K=16 pool: ['yekenot', 'cb_v4', 'hgbc_deep', 'd16_orig', 'qAT', 'qAV', 'qAO', 'qAA', 'qAF', 'qAK', 'K27_100k', 'seg_fe', 'HMM', 'R12_cb_horizon', 'R13_cb_stint_completion', 'R14_tabm']
  R5.2 baseline (Compound×Stint τ=100k) OOF: 0.95446

  -- segmentation: driverclass_stint --
     DriverClass×Stint: 12 segments, 10 above MIN_ROWS=1000
    fold 1: 16.0s  (segments used: 10/12)
    fold 2: 18.0s  (segments used: 10/12)
    fold 3: 16.5s  (segments used: 10/12)
    fold 4: 13.3s  (segments used: 10/12)
    fold 5: 14.0s  (segments used: 10/12)
     OOF AUC: 0.95449  Δ vs R5.2 = +0.265 bp
     ρ_test vs R5.2: 0.999603
     Wrote submission: submissions/submission_K16_pathb_driverclass_stint_tau100000.csv

=== Summary (multi-segmentation Path-B) ===
segmentation                        OOF     Δ_bp     ρ_R52
------------------------------------------------------------
DriverClass×Stint             0.95449   +0.265  0.999603 ★

  Survivors (Δ ≥ +0.10 bp): ['driverclass_stint']
  Total wall: 96.2s
  Wrote summary: audit/2026-05-18-round-8-multiseg.json
