=== Path-B sweep (K=14) П„=100000 ===
  K=14 pool: ['yekenot', 'cb_v4', 'hgbc_deep', 'd16_orig', 'qAT', 'qAV', 'qAO', 'qAA', 'qAF', 'qAK', 'K27_100k', 'seg_fe', 'HMM', 'R12_cb_resid']
  R5.2 baseline (CompoundГ—Stint П„=100k) OOF: 0.95446

  -- segmentation: driverclass_stint --
     DriverClassГ—Stint: 12 segments, 10 above MIN_ROWS=1000
    fold 1: 15.6s  (segments used: 10/12)
    fold 2: 14.2s  (segments used: 10/12)
    fold 3: 12.2s  (segments used: 10/12)
    fold 4: 13.6s  (segments used: 10/12)
    fold 5: 13.5s  (segments used: 10/12)
     OOF AUC: 0.95446  О” vs R5.2 = +0.036 bp
     ПЃ_test vs R5.2: 0.999772
     Wrote submission: submissions/submission_K14_pathb_driverclass_stint_tau100000.csv

=== Summary (multi-segmentation Path-B) ===
segmentation                        OOF     О”_bp     ПЃ_R52
------------------------------------------------------------
DriverClassГ—Stint             0.95446   +0.036  0.999772  

  Survivors (О” в‰Ґ +0.10 bp): []
  Total wall: 84.7s
  Wrote summary: audit/2026-05-18-round-8-multiseg.json
