=== Path-B sweep (K=18) τ=100000 ===
  K=18 pool: ['yekenot', 'cb_v4', 'hgbc_deep', 'd16_orig', 'qAT', 'qAV', 'qAO', 'qAA', 'qAF', 'qAK', 'K27_100k', 'seg_fe', 'HMM', 'R12_cb_horizon', 'R13_cb_stint_completion', 'R14_tabm', 'R15_xendcg_per_seg', 'R15_cb_tweedie']
  R5.2 baseline (Compound×Stint τ=100k) OOF: 0.95446

  -- segmentation: driverclass_stint --
     DriverClass×Stint: 12 segments, 10 above MIN_ROWS=1000
    fold 1: 43.0s  (segments used: 10/12)
    fold 2: 39.5s  (segments used: 10/12)
    fold 3: 37.1s  (segments used: 10/12)
    fold 4: 37.1s  (segments used: 10/12)
    fold 5: 40.6s  (segments used: 10/12)
     OOF AUC: 0.95449  Δ vs R5.2 = +0.266 bp
     ρ_test vs R5.2: 0.999500
     Wrote submission: submissions/submission_K18_pathb_driverclass_stint_tau100000.csv

=== Summary (multi-segmentation Path-B) ===
segmentation                        OOF     Δ_bp     ρ_R52
------------------------------------------------------------
DriverClass×Stint             0.95449   +0.266  0.999500 ★

  Survivors (Δ ≥ +0.10 bp): ['driverclass_stint']
  Total wall: 264.4s
  Wrote summary: audit/2026-05-19-r15-K18-tweedie.json
