=== Path-B sweep (K=14) د„=100000 ===
  K=14 pool: ['yekenot', 'cb_v4', 'hgbc_deep', 'd16_orig', 'qAT', 'qAV', 'qAO', 'qAA', 'qAF', 'qAK', 'K27_100k', 'seg_fe', 'HMM', 'R12_cb_horizon']
  R5.2 baseline (Compoundأ—Stint د„=100k) OOF: 0.95446

  -- segmentation: driverclass_stint --
     DriverClassأ—Stint: 12 segments, 10 above MIN_ROWS=1000
    fold 1: 13.2s  (segments used: 10/12)
    fold 2: 13.7s  (segments used: 10/12)
    fold 3: 12.0s  (segments used: 10/12)
    fold 4: 12.8s  (segments used: 10/12)
    fold 5: 15.7s  (segments used: 10/12)
     OOF AUC: 0.95448  خ” vs R5.2 = +0.152 bp
     دپ_test vs R5.2: 0.999658
     Wrote submission: submissions/submission_K14_pathb_driverclass_stint_tau100000.csv

=== Summary (multi-segmentation Path-B) ===
segmentation                        OOF     خ”_bp     دپ_R52
------------------------------------------------------------
DriverClassأ—Stint             0.95448   +0.152  0.999658 âک…

  Survivors (خ” â‰¥ +0.10 bp): ['driverclass_stint']
  Total wall: 85.6s
  Wrote summary: audit/2026-05-18-round-8-multiseg.json
